<?xml version="1.0" encoding="utf-8"?><testsuites name="pytest tests"><testsuite name="pytest" errors="0" failures="0" skipped="0" tests="21" time="9.411" timestamp="2026-09-01T22:29:07.866176+00:00" hostname="agent-env-7b000a68-ef12-44b3-a5dc-d8d969ff771b"><testcase classname="tests.backend_test.TestContact" name="test_create_contact_public" time="1.072" /><testcase classname="tests.backend_test.TestAuth" name="test_login_success" time="0.611" /><testcase classname="tests.backend_test.TestAuth" name="test_login_wrong_password" time="0.467" /><testcase classname="tests.backend_test.TestContact" name="test_create_invalid_email" time="0.297" /><testcase classname="tests.backend_test.TestAuth" name="test_login_wrong_email" time="0.164" /><testcase classname="tests.backend_test.TestContact" name="test_create_missing_field" time="0.421" /><testcase classname="tests.backend_test.TestContact" name="test_list_no_auth" time="0.174" /><testcase classname="tests.backend_test.TestAuth" name="test_me_with_token" time="0.753" /><testcase classname="tests.backend_test.TestAuth" name="test_me_no_token" time="0.450" /><testcase classname="tests.backend_test.TestContact" name="test_list_with_auth" time="0.638" /><testcase classname="tests.backend_test.TestAuth" name="test_me_bad_token" time="0.163" /><testcase classname="tests.backend_test.TestContact" name="test_patch_status_no_auth" time="0.255" /><testcase classname="tests.backend_test.TestLoginThrottle" name="test_401_shows_remaining_then_429_on_5th" time="1.127" /><testcase classname="tests.backend_test.TestContact" name="test_patch_status_with_auth" time="0.176" /><testcase classname="tests.backend_test.TestContact" name="test_patch_status_invalid_value" time="0.172" /><testcase classname="tests.backend_test.TestContact" name="test_patch_status_unknown_id" time="0.200" /><testcase classname="tests.backend_test.TestContact" name="test_delete_no_auth" time="0.184" /><testcase classname="tests.backend_test.TestContact" name="test_delete_with_auth" time="0.605" /><testcase classname="tests.backend_test.TestLoginThrottle" name="test_successful_login_resets_counter" time="4.012" /><testcase classname="tests.backend_test.TestContact" name="test_delete_unknown_id" time="0.437" /><testcase classname="tests.backend_test" name="test_root" time="0.167" /></testsuite></testsuites>