<?xml version="1.0" encoding="utf-8"?><testsuites name="pytest tests"><testsuite name="pytest" errors="0" failures="0" skipped="0" tests="24" time="23.591" timestamp="2026-09-01T22:50:52.562968+00:00" hostname="agent-env-7b000a68-ef12-44b3-a5dc-d8d969ff771b"><testcase classname="tests.backend_test.TestAuth" name="test_login_success" time="0.657" /><testcase classname="tests.backend_test.TestContact" name="test_create_contact_public" time="1.100" /><testcase classname="tests.backend_test.TestAuth" name="test_login_wrong_password" time="0.446" /><testcase classname="tests.backend_test.TestContact" name="test_create_invalid_email" time="0.473" /><testcase classname="tests.backend_test.TestAuth" name="test_login_wrong_email" time="0.464" /><testcase classname="tests.backend_test.TestContact" name="test_create_missing_field" time="0.466" /><testcase classname="tests.backend_test.TestAuth" name="test_me_with_token" time="0.595" /><testcase classname="tests.backend_test.TestContact" name="test_list_no_auth" time="0.139" /><testcase classname="tests.backend_test.TestAuth" name="test_me_no_token" time="0.198" /><testcase classname="tests.backend_test.TestAuth" name="test_me_bad_token" time="0.362" /><testcase classname="tests.backend_test.TestContact" name="test_list_with_auth" time="0.701" /><testcase classname="tests.backend_test.TestSecurityHardening" name="test_honeypot_silent_drop" time="0.491" /><testcase classname="tests.backend_test.TestContact" name="test_patch_status_no_auth" time="0.235" /><testcase classname="tests.backend_test.TestContact" name="test_patch_status_with_auth" time="0.186" /><testcase classname="tests.backend_test.TestSecurityHardening" name="test_normal_submission_no_website_ok" time="0.844" /><testcase classname="tests.backend_test.TestContact" name="test_patch_status_invalid_value" time="0.229" /><testcase classname="tests.backend_test.TestContact" name="test_patch_status_unknown_id" time="0.208" /><testcase classname="tests.backend_test.TestContact" name="test_delete_no_auth" time="0.143" /><testcase classname="tests.backend_test.TestContact" name="test_delete_with_auth" time="0.315" /><testcase classname="tests.backend_test.TestSecurityHardening" name="test_contact_rate_limit_10_per_hour" time="11.690" /><testcase classname="tests.backend_test.TestContact" name="test_delete_unknown_id" time="0.296" /><testcase classname="tests.backend_test" name="test_root" time="0.201" /><testcase classname="tests.backend_test.TestLoginThrottle" name="test_401_shows_remaining_then_429_on_5th" time="2.431" /><testcase classname="tests.backend_test.TestLoginThrottle" name="test_successful_login_resets_counter" time="3.889" /></testsuite></testsuites>